Arguments: 
  D:\Program Files\nodejs\node.exe C:\Users\xiaochao\AppData\Roaming\npm\node_modules\yarn\bin\yarn.js init

PATH: 
  C:\Users\xiaochao\bin;D:\git\Git\mingw64\bin;D:\git\Git\usr\local\bin;D:\git\Git\usr\bin;D:\git\Git\usr\bin;D:\git\Git\mingw64\bin;D:\git\Git\usr\bin;C:\Users\xiaochao\bin;C:\Ruby24-x64\bin;D:\Ruby22-x64\bin;C:\Program Files (x86)\Intel\iCLS Client;C:\Program Files\Intel\iCLS Client;C:\Windows\system32;C:\Windows;C:\Windows\System32\Wbem;C:\Windows\System32\WindowsPowerShell\v1.0;C:\Program Files\Intel\Intel(R) Management Engine Components\DAL;C:\Program Files (x86)\Intel\Intel(R) Management Engine Components\DAL;C:\Program Files\Intel\Intel(R) Management Engine Components\IPT;C:\Program Files (x86)\Intel\Intel(R) Management Engine Components\IPT;C:\Program Files\Intel\WiFi\bin;C:\Program Files\Common Files\Intel\WirelessCommon;C:\Program Files\Lenovo\Fingerprint Manager Pro;C:\Program Files (x86)\Common Files\Lenovo;C:\SWTOOLS\ReadyApps;D:\bin;D:\Program Files\nodejs;C:\Program Files\MySQL\MySQL Utilities 1.6;C:\Program Files\EsafeNet\Cobra DocGuard Client;D:\OpenVPN\bin;C:\Users\xiaochao\AppData\Roaming\npm;D:\git\Git\cmd;D:\git\Git\usr\bin\vendor_perl;D:\git\Git\usr\bin\core_perl

Yarn version: 
  1.3.2

Node version: 
  6.2.0

Platform: 
  win32 x64

npm manifest: 
  No manifest

yarn manifest: 
  No manifest

Lockfile: 
  No lockfile

Trace: 
  Error: Can't answer a question unless a user TTY
      at ConsoleReporter.question (C:\Users\xiaochao\AppData\Roaming\npm\node_modules\yarn\lib\cli.js:87314:59)
      at Object.<anonymous> (C:\Users\xiaochao\AppData\Roaming\npm\node_modules\yarn\lib\cli.js:81822:38)
      at next (native)
      at step (C:\Users\xiaochao\AppData\Roaming\npm\node_modules\yarn\lib\cli.js:92:30)
      at C:\Users\xiaochao\AppData\Roaming\npm\node_modules\yarn\lib\cli.js:103:13
      at run (C:\Users\xiaochao\AppData\Roaming\npm\node_modules\yarn\lib\cli.js:92989:22)
      at C:\Users\xiaochao\AppData\Roaming\npm\node_modules\yarn\lib\cli.js:93002:28
      at flush (C:\Users\xiaochao\AppData\Roaming\npm\node_modules\yarn\lib\cli.js:92460:9)
      at _combinedTickCallback (internal/process/next_tick.js:67:7)
      at process._tickCallback (internal/process/next_tick.js:98:9)
